[2016-03-15 01:25:10] START
[2016-03-15 08:16:33] EDIT Test1/controllers/default.py: 0
[2016-03-15 08:17:26] EDIT Test1/controllers/default.py: -1
[2016-03-15 08:18:45] EDIT Test1/controllers/default.py: -6
[2016-03-15 08:19:24] EDIT Test1/views/default/index.html: -43
[2016-03-15 08:19:42] EDIT Test1/controllers/default.py: 0
[2016-03-15 08:22:05] EDIT Test1/controllers/default.py: 1
[2016-03-15 08:22:41] CREATE index.json: 0
[2016-03-15 08:28:50] EDIT Test1/views/default/index.html: 1
[2016-03-15 08:29:17] EDIT Test1/controllers/default.py: 0
[2016-03-15 08:30:47] EDIT Test1/controllers/default.py: 4
[2016-03-15 08:31:12] EDIT Test1/controllers/default.py: 0
[2016-03-15 08:36:28] EDIT Test1/views/default/index.html: 0
[2016-03-15 08:36:53] EDIT Test1/controllers/default.py: 0
[2016-03-15 08:37:32] EDIT Test1/views/default/index.html: 1
[2016-03-15 08:39:43] CREATE register_shopkeeper.html: 0
[2016-03-15 08:54:29] EDIT Test1/views/register_shopkeeper.html: 26
[2016-03-15 08:55:01] CREATE successful_shopkeeper_registration.html: 0
[2016-03-15 08:55:56] EDIT Test1/views/successful_shopkeeper_registration.html: -1
[2016-03-15 08:57:46] EDIT Test1/controllers/default.py: 4
[2016-03-15 09:00:28] EDIT Test1/controllers/default.py: 0
[2016-03-15 09:04:34] EDIT Test1/views/register_shopkeeper.html: -23
[2016-03-15 09:05:01] EDIT Test1/views/register_shopkeeper.html: 23
[2016-03-15 09:16:40] CREATE default/register_shopkeeper.html: 0
[2016-03-15 09:16:50] EDIT Test1/views/default/register_shopkeeper.html: 26
[2016-03-15 09:18:40] EDIT Test1/views/default/register_shopkeeper.html: 0
[2016-03-15 09:18:57] EDIT Test1/views/default/register_shopkeeper.html: 0
[2016-03-15 09:24:10] CREATE default/successful_shopkeeper_registration.html: 0
[2016-03-15 09:24:18] EDIT Test1/views/default/successful_shopkeeper_registration.html: -1
[2016-03-15 09:26:43] EDIT Test1/views/default/register_shopkeeper.html: -2
[2016-03-15 09:28:07] DELETE Test1/views/register_shopkeeper.html: -29
[2016-03-15 09:28:12] DELETE Test1/views/successful_shopkeeper_registration.html: -2
[2016-03-15 09:34:05] EDIT Test1/views/default/register_shopkeeper.html: 20
[2016-03-15 23:54:03] EDIT Test1/views/default/register_shopkeeper.html: 11
[2016-03-15 23:54:46] EDIT Test1/views/default/register_shopkeeper.html: 1
[2016-03-15 23:54:58] EDIT Test1/views/default/register_shopkeeper.html: 0
[2016-03-15 23:55:10] EDIT Test1/views/default/register_shopkeeper.html: 0
[2016-03-15 23:55:47] EDIT Test1/views/default/register_shopkeeper.html: 0
[2016-03-15 23:55:58] EDIT Test1/views/default/register_shopkeeper.html: 0
[2016-03-15 23:56:02] EDIT Test1/views/default/register_shopkeeper.html: 0
[2016-03-15 23:56:16] EDIT Test1/views/default/register_shopkeeper.html: 0
[2016-03-15 23:56:26] EDIT Test1/views/default/register_shopkeeper.html: 0
[2016-03-15 23:57:07] EDIT Test1/views/default/register_shopkeeper.html: 1
[2016-03-15 23:57:24] EDIT Test1/views/default/register_shopkeeper.html: 1
[2016-03-15 23:57:45] EDIT Test1/views/default/register_shopkeeper.html: 0
[2016-03-15 23:57:55] EDIT Test1/views/default/register_shopkeeper.html: 0
[2016-03-15 23:58:29] EDIT Test1/views/default/register_shopkeeper.html: 0
[2016-03-15 23:58:47] EDIT Test1/views/default/register_shopkeeper.html: 0
[2016-03-15 23:59:21] EDIT Test1/views/default/register_shopkeeper.html: 0
[2016-03-16 00:02:33] EDIT Test1/views/default/register_shopkeeper.html: 0
[2016-03-16 00:04:44] EDIT Test1/views/default/register_shopkeeper.html: 3
[2016-03-16 00:05:47] EDIT Test1/views/default/register_shopkeeper.html: 0
[2016-03-16 00:06:50] EDIT Test1/views/default/register_shopkeeper.html: 0
[2016-03-16 00:08:43] EDIT Test1/views/default/register_shopkeeper.html: 1
[2016-03-16 00:10:58] EDIT Test1/views/default/register_shopkeeper.html: 0
[2016-03-16 00:12:39] EDIT Test1/views/default/register_shopkeeper.html: 0
[2016-03-16 00:13:13] EDIT Test1/views/default/register_shopkeeper.html: -5
[2016-03-16 00:13:31] EDIT Test1/views/default/register_shopkeeper.html: 0
[2016-03-16 00:13:43] EDIT Test1/views/default/register_shopkeeper.html: 0
[2016-03-16 00:32:08] EDIT Test1/views/default/register_shopkeeper.html: 32
[2016-03-16 00:32:42] EDIT Test1/views/default/register_shopkeeper.html: 0
[2016-03-16 00:59:35] EDIT Test1/controllers/default.py: 29
[2016-03-16 01:00:26] EDIT Test1/controllers/default.py: 0
[2016-03-16 01:00:29] EDIT Test1/controllers/default.py: 0
[2016-03-16 01:00:43] EDIT Test1/controllers/default.py: 0
[2016-03-16 01:02:12] EDIT Test1/controllers/default.py: 0
[2016-03-16 08:09:42] EDIT Test1/controllers/default.py: 0
[2016-03-16 08:10:54] EDIT Test1/controllers/default.py: 0
[2016-03-16 08:11:05] EDIT Test1/controllers/default.py: 0
[2016-03-16 08:11:20] EDIT Test1/controllers/default.py: 0
[2016-03-16 08:11:29] EDIT Test1/controllers/default.py: 0
[2016-03-16 08:13:17] EDIT Test1/controllers/default.py: 0
[2016-03-16 08:13:24] EDIT Test1/controllers/default.py: 0
[2016-03-16 08:20:39] EDIT Test1/views/default/successful_shopkeeper_registration.html: 0
[2016-03-16 08:22:57] EDIT Test1/views/default/register_shopkeeper.html: 2
[2016-03-16 08:23:17] EDIT Test1/views/default/successful_shopkeeper_registration.html: 0
[2016-03-16 08:24:10] EDIT Test1/controllers/default.py: 0
[2016-03-16 08:27:55] EDIT Test1/views/default/successful_shopkeeper_registration.html: 1
[2016-03-16 08:31:24] EDIT Test1/views/default/successful_shopkeeper_registration.html: 0
[2016-03-16 08:33:44] CREATE default/first.html: 0
[2016-03-16 08:34:37] EDIT Test1/views/default/first.html: -1
[2016-03-16 08:34:56] EDIT Test1/controllers/default.py: 8
[2016-03-17 07:58:53] EDIT Test1/models/db.py: 0
[2016-03-17 08:24:22] EDIT Test1/models/db.py: 33
[2016-03-17 08:31:51] EDIT Test1/models/db.py: 1
[2016-03-17 08:39:43] EDIT Test1/models/db.py: 1
[2016-03-17 08:40:12] EDIT Test1/models/db.py: 0
[2016-03-17 08:40:25] EDIT Test1/models/db.py: 0
[2016-03-17 08:40:31] EDIT Test1/models/db.py: 0
[2016-03-17 08:40:47] EDIT Test1/models/db.py: 0
[2016-03-17 08:41:01] EDIT Test1/models/db.py: 0
[2016-03-17 08:41:43] EDIT Test1/models/db.py: 0
[2016-03-17 08:41:54] EDIT Test1/models/db.py: 0
[2016-03-17 08:46:55] EDIT Test1/models/db.py: 0
[2016-03-17 08:56:43] EDIT Test1/controllers/default.py: -2
[2016-03-17 09:00:44] EDIT Test1/models/db.py: 0
[2016-03-17 09:11:29] EDIT Test1/controllers/default.py: 0
[2016-03-17 09:16:42] CREATE default_data_fixtures.py: 0
[2016-03-17 09:24:40] EDIT Test1/models/db.py: 0
[2016-03-17 09:24:49] EDIT Test1/models/db.py: 0
[2016-03-17 09:24:55] EDIT Test1/models/default_data_fixtures.py: 6
[2016-03-17 09:27:10] EDIT Test1/models/db.py: 0
[2016-03-17 09:30:36] EDIT Test1/private/appconfig.ini: 0
[2016-03-17 09:32:20] EDIT Test1/private/appconfig.ini: 0
[2016-03-17 09:33:05] EDIT Test1/models/db.py: 0
[2016-03-18 07:46:42] EDIT Test1/models/db.py: 4
[2016-03-18 07:52:25] EDIT Test1/models/db.py: 0
[2016-03-18 08:05:40] EDIT Test1/models/db.py: 0
[2016-03-18 08:08:47] EDIT Test1/models/db.py: 0
[2016-03-18 08:08:57] EDIT Test1/private/appconfig.ini: 0
[2016-03-18 08:12:57] EDIT Test1/private/appconfig.ini: 0
[2016-03-18 08:14:08] EDIT Test1/models/db.py: 0
[2016-03-18 08:15:04] EDIT Test1/models/db.py: 0
[2016-03-18 08:15:45] EDIT Test1/models/db.py: 0
[2016-03-18 08:16:35] EDIT Test1/models/db.py: 0
[2016-03-18 08:19:36] EDIT Test1/models/db.py: 0
[2016-03-18 08:22:01] EDIT Test1/models/db.py: 0
[2016-03-18 08:22:48] EDIT Test1/models/db.py: 0
[2016-03-18 08:23:25] EDIT Test1/models/db.py: 0
[2016-03-18 08:24:21] EDIT Test1/models/db.py: 0
[2016-03-18 08:24:45] EDIT Test1/models/db.py: 0
[2016-03-18 08:25:02] EDIT Test1/models/db.py: 0
[2016-03-18 08:25:48] EDIT Test1/models/db.py: 0
[2016-03-18 08:26:29] EDIT Test1/models/db.py: 0
[2016-03-18 08:27:37] EDIT Test1/models/db.py: 0
[2016-03-18 08:33:40] EDIT Test1/models/default_data_fixtures.py: 0
[2016-03-18 08:34:13] EDIT Test1/models/default_data_fixtures.py: 0
[2016-03-18 08:42:16] EDIT Test1/models/default_data_fixtures.py: 0
[2016-03-18 08:43:37] EDIT Test1/controllers/default.py: 0
[2016-03-18 08:44:45] EDIT Test1/private/appconfig.ini: 0
[2016-03-18 08:45:15] EDIT Test1/private/appconfig.ini: 0
[2016-03-18 08:45:41] EDIT Test1/private/appconfig.ini: 0
[2016-03-18 08:50:23] EDIT Test1/controllers/default.py: 5
[2016-03-18 08:51:14] CREATE default/register_shop.html: 0
[2016-03-18 08:51:23] EDIT Test1/views/default/register_shop.html: -1
[2016-03-18 08:51:45] CREATE default/register_shopkeeperform.html: 0
[2016-03-18 08:51:58] EDIT Test1/views/default/register_shopkeeperform.html: -1
[2016-03-18 08:52:37] EDIT Test1/controllers/default.py: 0
[2016-03-18 08:55:05] CREATE default/shopkeeper_account_details.html: 0
[2016-03-18 08:55:33] EDIT Test1/views/default/shopkeeper_account_details.html: -1
[2016-03-18 08:57:57] EDIT Test1/controllers/default.py: 6
[2016-03-18 08:58:08] EDIT Test1/controllers/default.py: -1
[2016-03-18 09:07:14] EDIT Test1/controllers/default.py: 1
[2016-03-18 09:11:10] EDIT Test1/controllers/default.py: 1
[2016-03-18 09:17:50] EDIT Test1/controllers/default.py: 1
[2016-03-18 09:20:21] EDIT Test1/controllers/default.py: 2
[2016-03-18 09:22:07] EDIT Test1/models/db.py: 0
[2016-03-19 08:47:10] EDIT Test1/models/db.py: 0
[2016-03-19 08:49:00] EDIT Test1/models/db.py: 0
[2016-03-19 08:49:22] EDIT Test1/models/db.py: 0
[2016-03-19 08:53:54] EDIT Test1/models/db.py: 0
[2016-03-19 08:54:12] EDIT Test1/models/db.py: 0
[2016-03-19 08:54:51] EDIT Test1/models/db.py: 0
[2016-03-19 08:58:53] EDIT Test1/controllers/default.py: 0
[2016-03-19 09:05:08] EDIT Test1/models/db.py: 0
[2016-03-19 09:13:39] EDIT Test1/models/db.py: 0
[2016-03-19 09:13:43] EDIT Test1/controllers/default.py: 0
[2016-03-19 22:15:06] EDIT Test1/views/default/index.html: 0
[2016-03-19 22:15:19] EDIT Test1/views/default/index.html: -6
[2016-03-19 22:19:17] EDIT Test1/views/default/index.html: 2
[2016-03-19 22:22:46] EDIT Test1/views/default/index.html: 22
[2016-03-19 22:24:00] EDIT Test1/views/default/register_shopkeeper.html: 0
[2016-03-19 22:32:27] EDIT Test1/views/default/index.html: 1
[2016-03-19 22:33:02] EDIT Test1/views/default/index.html: 1
[2016-03-19 22:33:28] EDIT Test1/views/default/index.html: 2
[2016-03-19 22:33:54] EDIT Test1/views/default/index.html: -1
[2016-03-19 22:37:24] EDIT Test1/views/default/index.html: 1
[2016-03-19 22:37:44] EDIT Test1/views/default/index.html: 0
[2016-03-19 22:39:20] EDIT Test1/views/default/index.html: 2
[2016-03-19 23:44:57] EDIT Test1/views/default/index.html: 1
[2016-03-19 23:45:18] EDIT Test1/views/default/index.html: 0
[2016-03-19 23:46:59] EDIT Test1/views/default/index.html: -4
[2016-03-19 23:47:42] EDIT Test1/views/default/index.html: 1
[2016-03-19 23:48:02] EDIT Test1/views/default/register_shop.html: 1
[2016-03-19 23:48:16] EDIT Test1/views/default/register_shopkeeperform.html: 1
[2016-03-19 23:48:22] EDIT Test1/views/default/register_shop.html: 0
[2016-03-19 23:48:40] EDIT Test1/views/default/shopkeeper_account_details.html: 1
[2016-03-19 23:48:46] EDIT Test1/views/default/register_shopkeeperform.html: 0
[2016-03-19 23:48:50] EDIT Test1/views/default/register_shop.html: 0
[2016-03-20 11:27:15] EDIT Test1/views/default/register_shop.html: 1
[2016-03-20 11:30:37] EDIT Test1/controllers/default.py: 11
[2016-03-20 11:33:01] EDIT Test1/controllers/default.py: -1
[2016-03-20 11:35:38] EDIT Test1/models/default_data_fixtures.py: 0
[2016-03-20 11:36:32] EDIT Test1/models/default_data_fixtures.py: 0
[2016-03-20 11:36:41] EDIT Test1/models/default_data_fixtures.py: 0
[2016-03-20 11:38:15] EDIT Test1/models/default_data_fixtures.py: 0
[2016-03-20 11:39:00] EDIT Test1/models/db.py: 1
[2016-03-20 11:39:04] EDIT Test1/models/db.py: 0
[2016-03-20 11:39:16] EDIT Test1/controllers/default.py: 0
[2016-03-20 11:41:18] EDIT Test1/controllers/default.py: 0
[2016-03-20 11:41:26] EDIT Test1/controllers/default.py: 1
[2016-03-20 11:44:15] EDIT Test1/controllers/default.py: 0
[2016-03-20 11:46:05] EDIT Test1/models/default_data_fixtures.py: 0
[2016-03-20 11:46:36] EDIT Test1/controllers/default.py: 0
[2016-03-20 11:48:29] EDIT Test1/controllers/default.py: 0
[2016-03-20 12:07:30] EDIT Test1/controllers/default.py: 0
[2016-03-20 12:09:17] EDIT Test1/controllers/default.py: 0
[2016-03-20 12:10:35] EDIT Test1/controllers/default.py: 0
[2016-03-20 12:11:10] EDIT Test1/controllers/default.py: 0
[2016-03-20 12:11:23] EDIT Test1/controllers/default.py: 0
[2016-03-20 12:12:38] EDIT Test1/controllers/default.py: 0
[2016-03-20 12:14:30] EDIT Test1/controllers/default.py: 2
[2016-03-20 12:14:36] EDIT Test1/controllers/default.py: 0
[2016-03-20 12:14:43] EDIT Test1/controllers/default.py: 0
[2016-03-20 12:16:37] EDIT Test1/controllers/default.py: 0
[2016-03-20 12:17:36] EDIT Test1/controllers/default.py: 0
[2016-03-20 12:18:36] EDIT Test1/controllers/default.py: 0
[2016-03-20 12:20:05] EDIT Test1/controllers/default.py: 0
[2016-03-20 12:22:39] EDIT Test1/controllers/default.py: 0
[2016-03-20 12:22:42] EDIT Test1/controllers/default.py: 0
[2016-03-20 12:27:22] EDIT Test1/controllers/default.py: 0
[2016-03-20 12:32:35] EDIT Test1/controllers/default.py: 0
[2016-03-20 12:33:05] EDIT Test1/controllers/default.py: 0
[2016-03-20 12:41:14] EDIT Test1/controllers/default.py: 1
[2016-03-20 12:43:04] EDIT Test1/controllers/default.py: -1
[2016-03-20 12:44:35] EDIT Test1/controllers/default.py: 1
[2016-03-20 12:45:50] EDIT Test1/controllers/default.py: 0
[2016-03-20 12:47:08] EDIT Test1/controllers/default.py: 0
[2016-03-20 12:50:49] EDIT Test1/controllers/default.py: 0
[2016-03-20 13:08:16] EDIT Test1/controllers/default.py: 3
[2016-03-20 13:08:56] EDIT Test1/controllers/default.py: 0
[2016-03-20 13:09:27] EDIT Test1/controllers/default.py: 0
[2016-03-20 13:10:25] EDIT Test1/controllers/default.py: 0
[2016-03-20 13:20:25] EDIT Test1/controllers/default.py: 2
[2016-03-20 13:20:38] EDIT Test1/views/default/register_shop.html: 0
[2016-03-20 13:20:46] EDIT Test1/controllers/default.py: 0
[2016-03-20 13:24:49] EDIT Test1/controllers/default.py: 1
[2016-03-20 13:25:04] EDIT Test1/controllers/default.py: 0
[2016-03-20 13:29:10] EDIT Test1/models/db.py: 0
[2016-03-20 13:32:55] EDIT Test1/models/db.py: 0
[2016-03-20 13:35:44] EDIT Test1/models/db.py: 0
[2016-03-20 13:36:59] EDIT Test1/models/db.py: 0
[2016-03-20 20:28:19] EDIT Test1/models/db.py: 0
[2016-03-20 20:29:02] EDIT Test1/models/db.py: 0
[2016-03-20 20:30:19] EDIT Test1/models/db.py: 0
[2016-03-20 20:30:39] EDIT Test1/models/db.py: 0
[2016-03-20 20:45:43] EDIT Test1/models/db.py: 4
[2016-03-20 20:58:10] EDIT Test1/models/db.py: 0
[2016-03-20 20:58:25] EDIT Test1/models/db.py: 2
[2016-03-20 21:22:56] EDIT Test1/models/db.py: 4
[2016-03-20 21:25:06] EDIT Test1/models/db.py: 4
[2016-03-20 21:25:19] EDIT Test1/models/db.py: -1
[2016-03-20 21:25:55] EDIT Test1/models/db.py: 0
[2016-03-20 21:27:00] EDIT Test1/models/db.py: 0
[2016-03-20 21:29:27] EDIT Test1/models/db.py: 7
[2016-03-20 21:29:42] EDIT Test1/models/db.py: -11
[2016-03-29 00:26:59] EDIT Test1/models/db.py: -7
[2016-03-29 00:31:14] EDIT Test1/controllers/default.py: 2
[2016-03-29 00:33:21] EDIT Test1/views/default/register_shop.html: 6
[2016-03-29 00:37:44] EDIT Test1/controllers/default.py: 1
[2016-03-29 08:43:09] EDIT Test1/controllers/default.py: -1
[2016-03-29 08:43:23] EDIT Test1/views/default/register_shop.html: -6
[2016-03-29 08:55:01] EDIT Test1/views/default/register_shop.html: 2
[2016-03-29 08:55:56] EDIT Test1/views/default/register_shop.html: 1
[2016-03-29 09:15:49] EDIT Test1/controllers/default.py: 30
[2016-03-29 09:16:08] EDIT Test1/controllers/default.py: 0
[2016-03-29 09:16:17] EDIT Test1/controllers/default.py: 0
[2016-03-29 09:17:42] EDIT Test1/controllers/default.py: 0
[2016-03-29 09:17:51] EDIT Test1/controllers/default.py: 0
[2016-03-29 09:17:59] EDIT Test1/controllers/default.py: 0
[2016-03-29 09:19:48] EDIT Test1/controllers/default.py: 1
[2016-03-29 09:20:55] EDIT Test1/controllers/default.py: 0
[2016-03-29 09:21:07] EDIT Test1/controllers/default.py: 0
[2016-03-29 09:23:31] EDIT Test1/controllers/default.py: 0
[2016-03-29 09:25:08] EDIT Test1/controllers/default.py: 0
[2016-03-29 09:26:01] EDIT Test1/controllers/default.py: 0
[2016-03-29 09:26:59] EDIT Test1/controllers/default.py: 0
[2016-03-29 09:27:03] EDIT Test1/controllers/default.py: 0
[2016-03-29 09:27:49] EDIT Test1/controllers/default.py: 0
[2016-03-29 09:28:08] EDIT Test1/controllers/default.py: 0
[2016-03-29 09:29:33] EDIT Test1/controllers/default.py: 0
[2016-03-29 09:29:47] EDIT Test1/controllers/default.py: 0
[2016-03-29 09:30:07] EDIT Test1/controllers/default.py: 0
[2016-03-29 09:30:49] EDIT Test1/controllers/default.py: 1
[2016-03-29 09:38:13] EDIT Test1/controllers/default.py: 2
[2016-03-29 09:38:35] EDIT Test1/controllers/default.py: 0
[2016-03-29 09:40:13] EDIT Test1/models/db.py: 0
[2016-03-29 09:40:57] EDIT Test1/models/db.py: 0
[2016-03-29 09:42:06] EDIT Test1/controllers/default.py: 0
[2016-03-29 09:48:43] EDIT Test1/controllers/default.py: 1
[2016-03-29 09:49:29] EDIT Test1/controllers/default.py: 0
[2016-03-29 09:51:07] EDIT Test1/models/db.py: 0
[2016-03-29 09:53:14] EDIT Test1/models/db.py: 0
[2016-03-29 09:53:16] EDIT Test1/models/db.py: 0
[2016-03-29 09:53:55] EDIT Test1/models/db.py: -3
[2016-03-29 09:55:44] EDIT Test1/models/db.py: 3
[2016-03-30 00:01:20] EDIT Test1/models/db.py: 0
[2016-03-30 00:03:03] EDIT Test1/controllers/default.py: 0
[2016-03-30 00:03:43] EDIT Test1/controllers/default.py: 0
[2016-03-30 00:05:15] EDIT Test1/controllers/default.py: 0
[2016-03-30 00:09:00] EDIT Test1/controllers/default.py: 1
[2016-03-30 00:10:09] EDIT Test1/controllers/default.py: 0
[2016-03-30 00:10:13] EDIT Test1/controllers/default.py: 0
[2016-03-30 00:11:17] EDIT Test1/controllers/default.py: 0
[2016-03-30 00:14:53] EDIT Test1/controllers/default.py: 0
[2016-03-30 00:15:33] EDIT Test1/controllers/default.py: 0
[2016-03-30 00:18:50] EDIT Test1/views/default/register_shopkeeperform.html: 4
[2016-03-30 00:23:35] EDIT Test1/controllers/default.py: 1
[2016-03-30 00:37:53] EDIT Test1/models/db.py: 1
[2016-03-30 00:39:00] EDIT Test1/controllers/default.py: 0
[2016-03-30 00:43:08] EDIT Test1/models/db.py: 0
[2016-03-30 08:17:59] EDIT Test1/controllers/default.py: 0
[2016-03-30 08:35:07] EDIT Test1/controllers/default.py: 0
[2016-03-30 08:37:40] EDIT Test1/models/db.py: 1
[2016-03-30 08:40:59] EDIT Test1/views/default/register_shopkeeperform.html: 26
[2016-03-30 09:00:26] EDIT Test1/views/default/shopkeeper_account_details.html: 26
[2016-03-30 09:03:06] EDIT Test1/controllers/default.py: 0
[2016-03-30 09:11:53] EDIT Test1/controllers/default.py: 2
[2016-03-30 09:12:59] EDIT Test1/controllers/default.py: 0
[2016-03-30 09:14:01] EDIT Test1/controllers/default.py: 0
[2016-03-30 09:23:05] EDIT Test1/controllers/default.py: 0
[2016-03-30 09:24:09] EDIT Test1/controllers/default.py: 0
[2016-03-30 09:25:38] EDIT Test1/views/default/shopkeeper_account_details.html: -2
[2016-03-30 09:26:44] EDIT Test1/views/default/shopkeeper_account_details.html: 0
[2016-03-30 09:26:53] EDIT Test1/controllers/default.py: 0
[2016-03-30 09:27:02] EDIT Test1/controllers/default.py: 0
[2016-03-30 09:27:13] EDIT Test1/controllers/default.py: 0
[2016-03-30 09:28:08] EDIT Test1/controllers/default.py: 0
[2016-03-30 09:29:32] EDIT Test1/controllers/default.py: 1
[2016-03-30 09:30:02] EDIT Test1/controllers/default.py: 0
[2016-03-30 09:30:31] EDIT Test1/controllers/default.py: 0
[2016-03-30 09:31:24] EDIT Test1/controllers/default.py: 0
[2016-03-30 09:32:48] EDIT Test1/views/default/shopkeeper_account_details.html: 0
[2016-03-30 09:35:27] EDIT Test1/views/default/shopkeeper_account_details.html: 0
[2016-03-30 09:37:36] EDIT Test1/views/default/shopkeeper_account_details.html: 0
[2016-03-30 09:38:52] EDIT Test1/controllers/default.py: 0
[2016-03-30 09:38:59] EDIT Test1/views/default/shopkeeper_account_details.html: 0
[2016-03-30 09:40:22] EDIT Test1/controllers/default.py: 0
[2016-03-30 09:46:34] EDIT Test1/views/default/shopkeeper_account_details.html: -1
[2016-03-30 09:47:06] EDIT Test1/views/default/shopkeeper_account_details.html: 1
[2016-03-30 09:48:14] EDIT Test1/views/default/shopkeeper_account_details.html: 0
[2016-03-30 09:51:31] EDIT Test1/views/default/shopkeeper_account_details.html: 0
[2016-03-30 09:54:22] EDIT Test1/views/default/shopkeeper_account_details.html: 0
[2016-03-30 09:54:49] EDIT Test1/views/default/shopkeeper_account_details.html: 0
[2016-03-30 09:55:13] EDIT Test1/views/default/shopkeeper_account_details.html: 0
[2016-03-30 09:55:59] EDIT Test1/views/default/shopkeeper_account_details.html: 0
[2016-03-30 09:56:27] EDIT Test1/views/default/shopkeeper_account_details.html: 0
[2016-03-30 09:58:12] EDIT Test1/views/default/shopkeeper_account_details.html: 0
[2016-03-30 09:58:54] EDIT Test1/views/default/shopkeeper_account_details.html: 0
[2016-03-30 10:00:09] EDIT Test1/views/default/shopkeeper_account_details.html: 1
[2016-03-30 23:30:56] EDIT Test1/views/default/shopkeeper_account_details.html: 0
[2016-03-30 23:31:17] EDIT Test1/views/default/shopkeeper_account_details.html: 0
[2016-03-30 23:32:16] EDIT Test1/views/default/shopkeeper_account_details.html: 0
[2016-03-30 23:33:00] EDIT Test1/views/default/shopkeeper_account_details.html: 0
[2016-03-30 23:54:28] EDIT Test1/views/default/shopkeeper_account_details.html: 0
[2016-03-30 23:54:37] EDIT Test1/views/default/shopkeeper_account_details.html: 0
[2016-03-30 23:57:13] EDIT Test1/views/default/shopkeeper_account_details.html: 0
[2016-03-30 23:57:55] EDIT Test1/views/default/shopkeeper_account_details.html: -1
[2016-03-31 07:50:45] EDIT Test1/models/db.py: 0
[2016-03-31 07:54:06] EDIT Test1/controllers/default.py: 2
[2016-03-31 07:54:45] CREATE default/link_shop_with_shopkeeper.html: 0
[2016-03-31 07:56:16] EDIT Test1/views/default/link_shop_with_shopkeeper.html: 0
[2016-03-31 08:05:12] EDIT Test1/controllers/default.py: 5
[2016-03-31 08:05:17] EDIT Test1/controllers/default.py: 0
[2016-03-31 08:05:47] EDIT Test1/controllers/default.py: 0
[2016-03-31 08:06:51] EDIT Test1/controllers/default.py: 0
[2016-03-31 08:09:02] EDIT Test1/controllers/default.py: 1
[2016-03-31 08:18:57] EDIT Test1/controllers/default.py: 5
[2016-03-31 08:20:28] EDIT Test1/controllers/default.py: -1
[2016-03-31 08:21:40] EDIT Test1/controllers/default.py: -4
[2016-03-31 08:21:48] EDIT Test1/controllers/default.py: -1
[2016-03-31 08:22:43] EDIT Test1/controllers/default.py: 2
[2016-03-31 08:24:11] EDIT Test1/controllers/default.py: 0
[2016-03-31 08:26:26] EDIT Test1/controllers/default.py: 0
[2016-03-31 08:28:37] EDIT Test1/views/default/successful_shopkeeper_registration.html: -1
[2016-03-31 08:44:41] EDIT Test1/controllers/default.py: 22
[2016-03-31 08:45:13] EDIT Test1/controllers/default.py: 0
[2016-03-31 08:45:41] EDIT Test1/controllers/default.py: 0
[2016-03-31 08:48:03] EDIT Test1/controllers/default.py: 0
[2016-03-31 08:48:28] EDIT Test1/controllers/default.py: 0
[2016-03-31 08:49:07] EDIT Test1/controllers/default.py: 0
[2016-03-31 08:49:33] EDIT Test1/controllers/default.py: 1
[2016-03-31 08:49:48] EDIT Test1/controllers/default.py: 0
[2016-03-31 08:50:42] EDIT Test1/controllers/default.py: 0
[2016-03-31 08:51:38] EDIT Test1/controllers/default.py: 1
[2016-03-31 08:52:27] EDIT Test1/controllers/default.py: 1
[2016-03-31 08:53:32] EDIT Test1/controllers/default.py: 1
[2016-03-31 08:54:41] EDIT Test1/controllers/default.py: -1
[2016-03-31 08:59:07] EDIT Test1/controllers/default.py: 3
[2016-03-31 08:59:22] EDIT Test1/controllers/default.py: 0
[2016-03-31 09:00:11] EDIT Test1/controllers/default.py: 0
[2016-03-31 09:00:29] EDIT Test1/controllers/default.py: 0
[2016-03-31 09:00:59] EDIT Test1/controllers/default.py: 0
[2016-03-31 09:02:04] EDIT Test1/views/default/link_shop_with_shopkeeper.html: 1
[2016-03-31 09:14:19] EDIT Test1/controllers/default.py: 2
[2016-03-31 09:16:21] EDIT Test1/controllers/default.py: 1
[2016-03-31 09:17:00] EDIT Test1/controllers/default.py: -3
[2016-03-31 09:17:43] EDIT Test1/controllers/default.py: -1
[2016-03-31 09:19:08] EDIT Test1/controllers/default.py: 1
[2016-03-31 09:19:31] EDIT Test1/controllers/default.py: 0
[2016-03-31 09:19:41] EDIT Test1/controllers/default.py: 0
[2016-03-31 09:23:42] EDIT Test1/controllers/default.py: 0
[2016-03-31 09:24:02] EDIT Test1/controllers/default.py: 0
[2016-03-31 09:24:57] EDIT Test1/controllers/default.py: 1
[2016-03-31 09:25:05] EDIT Test1/controllers/default.py: 0
[2016-03-31 09:27:16] EDIT Test1/controllers/default.py: 0
[2016-03-31 09:27:27] EDIT Test1/controllers/default.py: 0
[2016-03-31 09:27:59] EDIT Test1/controllers/default.py: 0
[2016-03-31 09:28:16] EDIT Test1/controllers/default.py: 0
[2016-03-31 09:29:21] EDIT Test1/controllers/default.py: 0
[2016-03-31 09:32:12] EDIT Test1/controllers/default.py: 0
[2016-03-31 21:58:19] EDIT Test1/controllers/default.py: -4
[2016-03-31 22:09:54] EDIT Test1/controllers/default.py: -19
[2016-03-31 22:12:04] EDIT Test1/controllers/default.py: 1
[2016-03-31 22:13:02] EDIT Test1/controllers/default.py: 2
[2016-03-31 22:14:37] EDIT Test1/models/db.py: 0
[2016-03-31 22:18:21] EDIT Test1/controllers/default.py: 1
[2016-03-31 22:19:36] EDIT Test1/controllers/default.py: 1
[2016-03-31 22:19:48] EDIT Test1/controllers/default.py: -1
[2016-03-31 22:21:18] EDIT Test1/controllers/default.py: 0
[2016-03-31 22:22:24] DELETE Test1/views/default/successful_shopkeeper_registration.html: -2
[2016-03-31 22:22:42] DELETE Test1/views/default/register_shopkeeper.html: -94
[2016-03-31 22:22:55] CREATE default/success.html: 0
[2016-03-31 22:23:11] EDIT Test1/views/default/success.html: -1
[2016-03-31 22:24:32] EDIT Test1/views/default/index.html: 1
[2016-03-31 22:25:51] EDIT Test1/controllers/default.py: -5
[2016-03-31 22:26:08] EDIT Test1/controllers/default.py: 0
[2016-03-31 22:26:17] EDIT Test1/controllers/default.py: 0
[2016-03-31 22:26:28] EDIT Test1/controllers/default.py: 0
[2016-03-31 22:27:57] EDIT Test1/controllers/default.py: -28
[2016-03-31 22:28:15] EDIT Test1/controllers/default.py: 0
[2016-03-31 22:28:27] EDIT Test1/controllers/default.py: 0
[2016-03-31 22:28:29] EDIT Test1/controllers/default.py: 0
[2016-03-31 22:29:49] EDIT Test1/controllers/default.py: 0
[2016-03-31 22:30:22] EDIT Test1/views/default/index.html: 0
[2016-03-31 22:31:53] EDIT Test1/controllers/default.py: 1
[2016-03-31 22:32:58] EDIT Test1/views/default/index.html: 0
[2016-03-31 22:33:34] EDIT Test1/views/default/index.html: 1
[2016-03-31 22:33:46] EDIT Test1/views/default/index.html: 0
[2016-03-31 23:02:19] EDIT Test1/controllers/default.py: 1
[2016-03-31 23:02:57] EDIT Test1/controllers/default.py: 5
[2016-03-31 23:07:14] EDIT Test1/models/db.py: 1
[2016-03-31 23:07:23] EDIT Test1/models/db.py: 0
[2016-03-31 23:08:07] EDIT Test1/models/db.py: 0
[2016-03-31 23:08:19] EDIT Test1/models/db.py: 0
[2016-03-31 23:09:12] EDIT Test1/models/db.py: 1
[2016-03-31 23:18:42] EDIT Test1/models/db.py: 2
[2016-03-31 23:24:11] EDIT Test1/models/db.py: -2
